
> auto-republic-manager-frontend@0.1.0 build
> next build

  ▲ Next.js 14.2.5
  - Environments: .env.local

   Creating an optimized production build ...
 ✓ Compiled successfully
   Linting and checking validity of types ...
   Collecting page data ...
   Generating static pages (0/20) ...
   Generating static pages (5/20) 
   Generating static pages (10/20) 
   Generating static pages (15/20) 
 ✓ Generating static pages (20/20)
   Finalizing page optimization ...
   Collecting build traces ...

Route (app)                              Size     First Load JS
┌ ○ /                                    212 B            94 kB
├ ○ /_not-found                          871 B          87.9 kB
├ ○ /auth/login                          212 B            94 kB
├ ○ /clients                             212 B            94 kB
├ ○ /dashboard                           212 B            94 kB
├ ○ /facturation                         212 B            94 kB
├ ○ /garage                              212 B            94 kB
├ ○ /importations                        211 B            94 kB
├ ○ /parametres                          211 B            94 kB
├ ○ /rapports                            212 B            94 kB
├ ○ /rendezvous                          212 B            94 kB
├ ○ /showroom                            2.22 kB          96 kB
├ ○ /showroom/documents                  212 B            94 kB
├ ○ /showroom/reservations               212 B            94 kB
├ ○ /showroom/ventes                     212 B            94 kB
├ ○ /stock                               212 B            94 kB
├ ○ /techniciens                         212 B            94 kB
└ ○ /transfers                           212 B            94 kB
+ First Load JS shared by all            87 kB
  ├ chunks/23-d69ab8120dffc5ff.js        31.5 kB
  ├ chunks/fd9d1056-83701e137505fb90.js  53.6 kB
  └ other shared chunks (total)          1.86 kB


○  (Static)  prerendered as static content

